[2012-05-18 18:44:51] request.ERROR: Symfony\Component\HttpKernel\Exception\NotFoundHttpException: No route found for "GET /bundles/mdwdemo/css/main.css" (uncaught exception) at C:\xampp\htdocs\zikmont\vendor\symfony\src\Symfony\Bundle\FrameworkBundle\EventListener\RouterListener.php line 83 [] []
[2012-05-18 19:09:41] request.ERROR: Symfony\Component\HttpKernel\Exception\NotFoundHttpException: No route found for "GET /bundles/zikmont/css/images/input.gif" (uncaught exception) at C:\xampp\htdocs\zikmont\vendor\symfony\src\Symfony\Bundle\FrameworkBundle\EventListener\RouterListener.php line 83 [] []
[2012-05-18 19:09:41] request.ERROR: Symfony\Component\HttpKernel\Exception\NotFoundHttpException: No route found for "GET /bundles/zikmont/css/images/searchbg.gif" (uncaught exception) at C:\xampp\htdocs\zikmont\vendor\symfony\src\Symfony\Bundle\FrameworkBundle\EventListener\RouterListener.php line 83 [] []
[2012-05-18 19:09:41] request.ERROR: Symfony\Component\HttpKernel\Exception\NotFoundHttpException: No route found for "GET /bundles/zikmont/css/images/barcurrent.gif" (uncaught exception) at C:\xampp\htdocs\zikmont\vendor\symfony\src\Symfony\Bundle\FrameworkBundle\EventListener\RouterListener.php line 83 [] []
[2012-05-18 19:09:41] request.ERROR: Symfony\Component\HttpKernel\Exception\NotFoundHttpException: No route found for "GET /bundles/zikmont/css/images/gboxtop.gif" (uncaught exception) at C:\xampp\htdocs\zikmont\app\cache\prod\classes.php line 4564 [] []
[2012-05-18 19:09:41] request.ERROR: Symfony\Component\HttpKernel\Exception\NotFoundHttpException: No route found for "GET /bundles/zikmont/css/images/gbox.gif" (uncaught exception) at C:\xampp\htdocs\zikmont\app\cache\prod\classes.php line 4564 [] []
[2012-05-18 19:09:41] request.ERROR: Symfony\Component\HttpKernel\Exception\NotFoundHttpException: No route found for "GET /bundles/zikmont/css/images/bluebtn.gif" (uncaught exception) at C:\xampp\htdocs\zikmont\app\cache\prod\classes.php line 4564 [] []
[2012-05-18 19:09:41] request.ERROR: Symfony\Component\HttpKernel\Exception\NotFoundHttpException: No route found for "GET /bundles/zikmont/css/images/greenbtn.gif" (uncaught exception) at C:\xampp\htdocs\zikmont\app\cache\prod\classes.php line 4564 [] []
[2012-05-18 19:09:41] request.ERROR: Symfony\Component\HttpKernel\Exception\NotFoundHttpException: No route found for "GET /bundles/zikmont/css/images/calendar.gif" (uncaught exception) at C:\xampp\htdocs\zikmont\app\cache\prod\classes.php line 4564 [] []
[2012-05-18 19:09:42] request.ERROR: Symfony\Component\HttpKernel\Exception\NotFoundHttpException: No route found for "GET /bundles/zikmont/css/images/smallboxtop.gif" (uncaught exception) at C:\xampp\htdocs\zikmont\app\cache\prod\classes.php line 4564 [] []
[2012-05-18 19:09:42] request.ERROR: Symfony\Component\HttpKernel\Exception\NotFoundHttpException: No route found for "GET /bundles/zikmont/css/images/smallbox.gif" (uncaught exception) at C:\xampp\htdocs\zikmont\app\cache\prod\classes.php line 4564 [] []
[2012-05-18 19:09:42] request.ERROR: Symfony\Component\HttpKernel\Exception\NotFoundHttpException: No route found for "GET /bundles/zikmont/css/images/boxtop.gif" (uncaught exception) at C:\xampp\htdocs\zikmont\app\cache\prod\classes.php line 4564 [] []
[2012-05-18 19:09:42] request.ERROR: Symfony\Component\HttpKernel\Exception\NotFoundHttpException: No route found for "GET /bundles/zikmont/css/images/box.gif" (uncaught exception) at C:\xampp\htdocs\zikmont\app\cache\prod\classes.php line 4564 [] []
[2012-05-18 19:10:52] request.ERROR: Symfony\Component\HttpKernel\Exception\NotFoundHttpException: No route found for "GET /bundles/zikmont/css/images/bigbox.gif" (uncaught exception) at C:\xampp\htdocs\zikmont\app\cache\prod\classes.php line 4564 [] []
[2012-05-18 19:10:52] request.ERROR: Symfony\Component\HttpKernel\Exception\NotFoundHttpException: No route found for "GET /bundles/zikmont/css/images/barbg.gif" (uncaught exception) at C:\xampp\htdocs\zikmont\app\cache\prod\classes.php line 4564 [] []
[2012-05-18 19:10:52] request.ERROR: Symfony\Component\HttpKernel\Exception\NotFoundHttpException: No route found for "GET /bundles/zikmont/css/images/barcurrent.gif" (uncaught exception) at C:\xampp\htdocs\zikmont\app\cache\prod\classes.php line 4564 [] []
[2012-05-18 19:10:52] request.ERROR: Symfony\Component\HttpKernel\Exception\NotFoundHttpException: No route found for "GET /bundles/zikmont/css/images/searchbg.gif" (uncaught exception) at C:\xampp\htdocs\zikmont\app\cache\prod\classes.php line 4564 [] []
[2012-05-18 19:10:52] request.ERROR: Symfony\Component\HttpKernel\Exception\NotFoundHttpException: No route found for "GET /bundles/zikmont/css/images/input.gif" (uncaught exception) at C:\xampp\htdocs\zikmont\app\cache\prod\classes.php line 4564 [] []
[2012-05-18 19:10:52] request.ERROR: Symfony\Component\HttpKernel\Exception\NotFoundHttpException: No route found for "GET /bundles/zikmont/css/images/gboxtop.gif" (uncaught exception) at C:\xampp\htdocs\zikmont\app\cache\prod\classes.php line 4564 [] []
[2012-05-18 19:10:52] request.ERROR: Symfony\Component\HttpKernel\Exception\NotFoundHttpException: No route found for "GET /bundles/zikmont/css/images/gbox.gif" (uncaught exception) at C:\xampp\htdocs\zikmont\app\cache\prod\classes.php line 4564 [] []
[2012-05-18 19:10:52] request.ERROR: Symfony\Component\HttpKernel\Exception\NotFoundHttpException: No route found for "GET /bundles/zikmont/css/images/bluebtn.gif" (uncaught exception) at C:\xampp\htdocs\zikmont\app\cache\prod\classes.php line 4564 [] []
[2012-05-18 19:10:52] request.ERROR: Symfony\Component\HttpKernel\Exception\NotFoundHttpException: No route found for "GET /bundles/zikmont/css/images/greenbtn.gif" (uncaught exception) at C:\xampp\htdocs\zikmont\app\cache\prod\classes.php line 4564 [] []
[2012-05-18 19:10:52] request.ERROR: Symfony\Component\HttpKernel\Exception\NotFoundHttpException: No route found for "GET /bundles/zikmont/css/images/calendar.gif" (uncaught exception) at C:\xampp\htdocs\zikmont\app\cache\prod\classes.php line 4564 [] []
[2012-05-18 19:10:53] request.ERROR: Symfony\Component\HttpKernel\Exception\NotFoundHttpException: No route found for "GET /bundles/zikmont/css/images/smallboxtop.gif" (uncaught exception) at C:\xampp\htdocs\zikmont\app\cache\prod\classes.php line 4564 [] []
[2012-05-18 19:10:53] request.ERROR: Symfony\Component\HttpKernel\Exception\NotFoundHttpException: No route found for "GET /bundles/zikmont/css/images/smallbox.gif" (uncaught exception) at C:\xampp\htdocs\zikmont\app\cache\prod\classes.php line 4564 [] []
[2012-05-18 19:10:53] request.ERROR: Symfony\Component\HttpKernel\Exception\NotFoundHttpException: No route found for "GET /bundles/zikmont/css/images/boxtop.gif" (uncaught exception) at C:\xampp\htdocs\zikmont\app\cache\prod\classes.php line 4564 [] []
[2012-05-18 19:10:53] request.ERROR: Symfony\Component\HttpKernel\Exception\NotFoundHttpException: No route found for "GET /bundles/zikmont/css/images/box.gif" (uncaught exception) at C:\xampp\htdocs\zikmont\app\cache\prod\classes.php line 4564 [] []
[2012-05-18 19:10:55] request.ERROR: Symfony\Component\HttpKernel\Exception\NotFoundHttpException: No route found for "GET /bundles/zikmont/css/images/barcurrent.gif" (uncaught exception) at C:\xampp\htdocs\zikmont\app\cache\prod\classes.php line 4564 [] []
[2012-05-18 19:13:10] request.ERROR: Symfony\Component\HttpKernel\Exception\NotFoundHttpException: No route found for "GET /bundles/zikmont/css/images/bigbox.gif" (uncaught exception) at C:\xampp\htdocs\zikmont\app\cache\prod\classes.php line 4564 [] []
[2012-05-18 19:13:10] request.ERROR: Symfony\Component\HttpKernel\Exception\NotFoundHttpException: No route found for "GET /bundles/zikmont/css/images/barbg.gif" (uncaught exception) at C:\xampp\htdocs\zikmont\app\cache\prod\classes.php line 4564 [] []
[2012-05-18 19:13:10] request.ERROR: Symfony\Component\HttpKernel\Exception\NotFoundHttpException: No route found for "GET /bundles/zikmont/css/images/barcurrent.gif" (uncaught exception) at C:\xampp\htdocs\zikmont\app\cache\prod\classes.php line 4564 [] []
[2012-05-18 19:13:10] request.ERROR: Symfony\Component\HttpKernel\Exception\NotFoundHttpException: No route found for "GET /bundles/zikmont/css/images/searchbg.gif" (uncaught exception) at C:\xampp\htdocs\zikmont\app\cache\prod\classes.php line 4564 [] []
[2012-05-18 19:13:10] request.ERROR: Symfony\Component\HttpKernel\Exception\NotFoundHttpException: No route found for "GET /bundles/zikmont/css/images/input.gif" (uncaught exception) at C:\xampp\htdocs\zikmont\app\cache\prod\classes.php line 4564 [] []
[2012-05-18 19:13:10] request.ERROR: Symfony\Component\HttpKernel\Exception\NotFoundHttpException: No route found for "GET /bundles/zikmont/css/images/gboxtop.gif" (uncaught exception) at C:\xampp\htdocs\zikmont\app\cache\prod\classes.php line 4564 [] []
[2012-05-18 19:13:10] request.ERROR: Symfony\Component\HttpKernel\Exception\NotFoundHttpException: No route found for "GET /bundles/zikmont/css/images/gbox.gif" (uncaught exception) at C:\xampp\htdocs\zikmont\app\cache\prod\classes.php line 4564 [] []
[2012-05-18 19:13:10] request.ERROR: Symfony\Component\HttpKernel\Exception\NotFoundHttpException: No route found for "GET /bundles/zikmont/css/images/bluebtn.gif" (uncaught exception) at C:\xampp\htdocs\zikmont\app\cache\prod\classes.php line 4564 [] []
[2012-05-18 19:13:10] request.ERROR: Symfony\Component\HttpKernel\Exception\NotFoundHttpException: No route found for "GET /bundles/zikmont/css/images/greenbtn.gif" (uncaught exception) at C:\xampp\htdocs\zikmont\app\cache\prod\classes.php line 4564 [] []
[2012-05-18 19:13:11] request.ERROR: Symfony\Component\HttpKernel\Exception\NotFoundHttpException: No route found for "GET /bundles/zikmont/css/images/calendar.gif" (uncaught exception) at C:\xampp\htdocs\zikmont\app\cache\prod\classes.php line 4564 [] []
[2012-05-18 19:13:12] request.ERROR: Symfony\Component\HttpKernel\Exception\NotFoundHttpException: No route found for "GET /bundles/zikmont/css/images/smallboxtop.gif" (uncaught exception) at C:\xampp\htdocs\zikmont\app\cache\prod\classes.php line 4564 [] []
[2012-05-18 19:13:12] request.ERROR: Symfony\Component\HttpKernel\Exception\NotFoundHttpException: No route found for "GET /bundles/zikmont/css/images/smallbox.gif" (uncaught exception) at C:\xampp\htdocs\zikmont\app\cache\prod\classes.php line 4564 [] []
[2012-05-18 19:13:12] request.ERROR: Symfony\Component\HttpKernel\Exception\NotFoundHttpException: No route found for "GET /bundles/zikmont/css/images/boxtop.gif" (uncaught exception) at C:\xampp\htdocs\zikmont\app\cache\prod\classes.php line 4564 [] []
[2012-05-18 19:13:12] request.ERROR: Symfony\Component\HttpKernel\Exception\NotFoundHttpException: No route found for "GET /bundles/zikmont/css/images/box.gif" (uncaught exception) at C:\xampp\htdocs\zikmont\app\cache\prod\classes.php line 4564 [] []
[2012-05-18 19:13:13] request.ERROR: Symfony\Component\HttpKernel\Exception\NotFoundHttpException: No route found for "GET /bundles/zikmont/css/images/barcurrent.gif" (uncaught exception) at C:\xampp\htdocs\zikmont\app\cache\prod\classes.php line 4564 [] []
[2012-05-18 19:38:07] request.ERROR: Symfony\Component\HttpKernel\Exception\NotFoundHttpException: No route found for "GET /bundles/zikmont/css/images/barcurrent.gif" (uncaught exception) at C:\xampp\htdocs\zikmont\app\cache\prod\classes.php line 4564 [] []
[2012-05-18 19:38:07] request.ERROR: Symfony\Component\HttpKernel\Exception\NotFoundHttpException: No route found for "GET /bundles/zikmont/css/images/input.gif" (uncaught exception) at C:\xampp\htdocs\zikmont\app\cache\prod\classes.php line 4564 [] []
[2012-05-18 19:38:07] request.ERROR: Symfony\Component\HttpKernel\Exception\NotFoundHttpException: No route found for "GET /bundles/zikmont/css/images/searchbg.gif" (uncaught exception) at C:\xampp\htdocs\zikmont\app\cache\prod\classes.php line 4564 [] []
[2012-05-18 19:38:07] request.ERROR: Symfony\Component\HttpKernel\Exception\NotFoundHttpException: No route found for "GET /bundles/zikmont/css/images/bigbox.gif" (uncaught exception) at C:\xampp\htdocs\zikmont\app\cache\prod\classes.php line 4564 [] []
[2012-05-18 19:38:07] request.ERROR: Symfony\Component\HttpKernel\Exception\NotFoundHttpException: No route found for "GET /bundles/zikmont/css/images/barbg.gif" (uncaught exception) at C:\xampp\htdocs\zikmont\app\cache\prod\classes.php line 4564 [] []
[2012-05-18 19:38:07] request.ERROR: Symfony\Component\HttpKernel\Exception\NotFoundHttpException: No route found for "GET /bundles/zikmont/css/images/gboxtop.gif" (uncaught exception) at C:\xampp\htdocs\zikmont\app\cache\prod\classes.php line 4564 [] []
[2012-05-18 19:38:07] request.ERROR: Symfony\Component\HttpKernel\Exception\NotFoundHttpException: No route found for "GET /bundles/zikmont/css/images/gbox.gif" (uncaught exception) at C:\xampp\htdocs\zikmont\app\cache\prod\classes.php line 4564 [] []
[2012-05-18 19:38:07] request.ERROR: Symfony\Component\HttpKernel\Exception\NotFoundHttpException: No route found for "GET /bundles/zikmont/css/images/bluebtn.gif" (uncaught exception) at C:\xampp\htdocs\zikmont\app\cache\prod\classes.php line 4564 [] []
[2012-05-18 19:38:07] request.ERROR: Symfony\Component\HttpKernel\Exception\NotFoundHttpException: No route found for "GET /bundles/zikmont/css/images/greenbtn.gif" (uncaught exception) at C:\xampp\htdocs\zikmont\app\cache\prod\classes.php line 4564 [] []
[2012-05-18 19:38:07] request.ERROR: Symfony\Component\HttpKernel\Exception\NotFoundHttpException: No route found for "GET /bundles/zikmont/css/images/calendar.gif" (uncaught exception) at C:\xampp\htdocs\zikmont\app\cache\prod\classes.php line 4564 [] []
[2012-05-18 19:38:08] request.ERROR: Symfony\Component\HttpKernel\Exception\NotFoundHttpException: No route found for "GET /bundles/zikmont/css/images/smallboxtop.gif" (uncaught exception) at C:\xampp\htdocs\zikmont\app\cache\prod\classes.php line 4564 [] []
[2012-05-18 19:38:09] request.ERROR: Symfony\Component\HttpKernel\Exception\NotFoundHttpException: No route found for "GET /bundles/zikmont/css/images/smallbox.gif" (uncaught exception) at C:\xampp\htdocs\zikmont\app\cache\prod\classes.php line 4564 [] []
[2012-05-18 19:38:09] request.ERROR: Symfony\Component\HttpKernel\Exception\NotFoundHttpException: No route found for "GET /bundles/zikmont/css/images/boxtop.gif" (uncaught exception) at C:\xampp\htdocs\zikmont\app\cache\prod\classes.php line 4564 [] []
[2012-05-18 19:38:09] request.ERROR: Symfony\Component\HttpKernel\Exception\NotFoundHttpException: No route found for "GET /bundles/zikmont/css/images/box.gif" (uncaught exception) at C:\xampp\htdocs\zikmont\app\cache\prod\classes.php line 4564 [] []
[2012-05-18 19:38:11] request.ERROR: Symfony\Component\HttpKernel\Exception\NotFoundHttpException: No route found for "GET /bundles/zikmont/css/images/barcurrent.gif" (uncaught exception) at C:\xampp\htdocs\zikmont\app\cache\prod\classes.php line 4564 [] []
[2012-05-18 19:50:50] request.ERROR: Symfony\Component\HttpKernel\Exception\NotFoundHttpException: No route found for "GET /bundles/zikmont/css/images/barbg.gif" (uncaught exception) at C:\xampp\htdocs\zikmont\app\cache\prod\classes.php line 4564 [] []
[2012-05-18 19:50:50] request.ERROR: Symfony\Component\HttpKernel\Exception\NotFoundHttpException: No route found for "GET /bundles/zikmont/css/images/bigbox.gif" (uncaught exception) at C:\xampp\htdocs\zikmont\app\cache\prod\classes.php line 4564 [] []
[2012-05-18 19:50:50] request.ERROR: Symfony\Component\HttpKernel\Exception\NotFoundHttpException: No route found for "GET /bundles/zikmont/css/images/barcurrent.gif" (uncaught exception) at C:\xampp\htdocs\zikmont\app\cache\prod\classes.php line 4564 [] []
[2012-05-18 19:50:50] request.ERROR: Symfony\Component\HttpKernel\Exception\NotFoundHttpException: No route found for "GET /bundles/zikmont/css/images/searchbg.gif" (uncaught exception) at C:\xampp\htdocs\zikmont\app\cache\prod\classes.php line 4564 [] []
[2012-05-18 19:50:50] request.ERROR: Symfony\Component\HttpKernel\Exception\NotFoundHttpException: No route found for "GET /bundles/zikmont/css/images/input.gif" (uncaught exception) at C:\xampp\htdocs\zikmont\app\cache\prod\classes.php line 4564 [] []
[2012-05-18 19:50:50] request.ERROR: Symfony\Component\HttpKernel\Exception\NotFoundHttpException: No route found for "GET /bundles/zikmont/css/images/gboxtop.gif" (uncaught exception) at C:\xampp\htdocs\zikmont\app\cache\prod\classes.php line 4564 [] []
[2012-05-18 19:50:50] request.ERROR: Symfony\Component\HttpKernel\Exception\NotFoundHttpException: No route found for "GET /bundles/zikmont/css/images/gbox.gif" (uncaught exception) at C:\xampp\htdocs\zikmont\app\cache\prod\classes.php line 4564 [] []
[2012-05-18 19:50:50] request.ERROR: Symfony\Component\HttpKernel\Exception\NotFoundHttpException: No route found for "GET /bundles/zikmont/css/images/bluebtn.gif" (uncaught exception) at C:\xampp\htdocs\zikmont\app\cache\prod\classes.php line 4564 [] []
[2012-05-18 19:50:51] request.ERROR: Symfony\Component\HttpKernel\Exception\NotFoundHttpException: No route found for "GET /bundles/zikmont/css/images/greenbtn.gif" (uncaught exception) at C:\xampp\htdocs\zikmont\app\cache\prod\classes.php line 4564 [] []
[2012-05-18 19:50:51] request.ERROR: Symfony\Component\HttpKernel\Exception\NotFoundHttpException: No route found for "GET /bundles/zikmont/css/images/calendar.gif" (uncaught exception) at C:\xampp\htdocs\zikmont\app\cache\prod\classes.php line 4564 [] []
[2012-05-18 19:50:52] request.ERROR: Symfony\Component\HttpKernel\Exception\NotFoundHttpException: No route found for "GET /bundles/zikmont/css/images/smallboxtop.gif" (uncaught exception) at C:\xampp\htdocs\zikmont\app\cache\prod\classes.php line 4564 [] []
[2012-05-18 19:50:52] request.ERROR: Symfony\Component\HttpKernel\Exception\NotFoundHttpException: No route found for "GET /bundles/zikmont/css/images/smallbox.gif" (uncaught exception) at C:\xampp\htdocs\zikmont\app\cache\prod\classes.php line 4564 [] []
[2012-05-18 19:50:52] request.ERROR: Symfony\Component\HttpKernel\Exception\NotFoundHttpException: No route found for "GET /bundles/zikmont/css/images/boxtop.gif" (uncaught exception) at C:\xampp\htdocs\zikmont\app\cache\prod\classes.php line 4564 [] []
[2012-05-18 19:50:52] request.ERROR: Symfony\Component\HttpKernel\Exception\NotFoundHttpException: No route found for "GET /bundles/zikmont/css/images/box.gif" (uncaught exception) at C:\xampp\htdocs\zikmont\app\cache\prod\classes.php line 4564 [] []
[2012-05-18 19:50:53] request.ERROR: Symfony\Component\HttpKernel\Exception\NotFoundHttpException: No route found for "GET /bundles/zikmont/css/images/searchbg.gif" (uncaught exception) at C:\xampp\htdocs\zikmont\app\cache\prod\classes.php line 4564 [] []
[2012-05-18 19:50:55] request.ERROR: Symfony\Component\HttpKernel\Exception\NotFoundHttpException: No route found for "GET /bundles/zikmont/css/images/gboxtop.gif" (uncaught exception) at C:\xampp\htdocs\zikmont\app\cache\prod\classes.php line 4564 [] []
[2012-05-18 19:50:55] request.ERROR: Symfony\Component\HttpKernel\Exception\NotFoundHttpException: No route found for "GET /bundles/zikmont/css/images/gbox.gif" (uncaught exception) at C:\xampp\htdocs\zikmont\app\cache\prod\classes.php line 4564 [] []
[2012-05-18 19:50:55] request.ERROR: Symfony\Component\HttpKernel\Exception\NotFoundHttpException: No route found for "GET /bundles/zikmont/css/images/bluebtn.gif" (uncaught exception) at C:\xampp\htdocs\zikmont\app\cache\prod\classes.php line 4564 [] []
[2012-05-18 19:50:55] request.ERROR: Symfony\Component\HttpKernel\Exception\NotFoundHttpException: No route found for "GET /bundles/zikmont/css/images/greenbtn.gif" (uncaught exception) at C:\xampp\htdocs\zikmont\app\cache\prod\classes.php line 4564 [] []
[2012-05-18 19:50:55] request.ERROR: Symfony\Component\HttpKernel\Exception\NotFoundHttpException: No route found for "GET /bundles/zikmont/css/images/calendar.gif" (uncaught exception) at C:\xampp\htdocs\zikmont\app\cache\prod\classes.php line 4564 [] []
[2012-05-18 19:50:55] request.ERROR: Symfony\Component\HttpKernel\Exception\NotFoundHttpException: No route found for "GET /bundles/zikmont/css/images/smallboxtop.gif" (uncaught exception) at C:\xampp\htdocs\zikmont\app\cache\prod\classes.php line 4564 [] []
[2012-05-18 19:50:55] request.ERROR: Symfony\Component\HttpKernel\Exception\NotFoundHttpException: No route found for "GET /bundles/zikmont/css/images/smallbox.gif" (uncaught exception) at C:\xampp\htdocs\zikmont\app\cache\prod\classes.php line 4564 [] []
[2012-05-18 19:50:55] request.ERROR: Symfony\Component\HttpKernel\Exception\NotFoundHttpException: No route found for "GET /bundles/zikmont/css/images/boxtop.gif" (uncaught exception) at C:\xampp\htdocs\zikmont\app\cache\prod\classes.php line 4564 [] []
[2012-05-18 19:50:55] request.ERROR: Symfony\Component\HttpKernel\Exception\NotFoundHttpException: No route found for "GET /bundles/zikmont/css/images/box.gif" (uncaught exception) at C:\xampp\htdocs\zikmont\app\cache\prod\classes.php line 4564 [] []
[2012-05-18 19:51:51] request.ERROR: Symfony\Component\HttpKernel\Exception\NotFoundHttpException: No route found for "GET /bundles/zikmont/css/images/searchbg.gif" (uncaught exception) at C:\xampp\htdocs\zikmont\app\cache\prod\classes.php line 4564 [] []
[2012-05-18 19:52:42] request.ERROR: Symfony\Component\HttpKernel\Exception\NotFoundHttpException: No route found for "GET /bundles/zikmont/css/images/searchbg.gif" (uncaught exception) at C:\xampp\htdocs\zikmont\app\cache\prod\classes.php line 4564 [] []
[2012-05-18 21:51:47] request.ERROR: Symfony\Component\HttpKernel\Exception\NotFoundHttpException: No route found for "GET /imagenes/thumb.jpg" (uncaught exception) at C:\xampp\htdocs\zikmont\app\cache\prod\classes.php line 4564 [] []
